<?xml version="1.0" encoding="UTF-8"?>
<testsuite xmlns:xsi="http://www.w3.org/2001/XMLSchema-instance" xsi:noNamespaceSchemaLocation="https://maven.apache.org/surefire/maven-surefire-plugin/xsd/surefire-test-report-3.0.xsd" version="3.0" name="tests.ArticleTests" time="35.31" tests="6" errors="0" skipped="0" failures="0">
  <properties>
[...]
</properties>
  <testcase name="testCheckArticleNameAfterBackground" classname="tests.ArticleTests" time="1.882">
    <system-out><![CDATA[Method rotateScreenPortrait() does nothing for platform mobile_web
Using Mobile Web version
]]></system-out>
    <system-err><![CDATA[Starting ChromeDriver 128.0.6613.84 (606aa55c7d687518d34b55accc5a71ea0bd28727-refs/branch-heads/6613@{#1335}) on port 36474
Only local connections are allowed.
Please see https://chromedriver.chromium.org/security-considerations for suggestions on keeping ChromeDriver safe.
ChromeDriver was started successfully on port 36474.
Sep 03, 2024 4:02:12 PM org.openqa.selenium.remote.ProtocolHandshake createSession
INFO: Detected dialect: W3C
]]></system-err>
  </testcase>
  <testcase name="testCompareArticleTitle" classname="tests.ArticleTests" time="2.975">
    <system-out><![CDATA[Method rotateScreenPortrait() does nothing for platform mobile_web
Using Mobile Web version
The screenshot was taken: /Users/lifetech/Desktop/JavaAppiumWeb/JavaAppium/article_title_screenshot.png
]]></system-out>
    <system-err><![CDATA[Starting ChromeDriver 128.0.6613.84 (606aa55c7d687518d34b55accc5a71ea0bd28727-refs/branch-heads/6613@{#1335}) on port 33826
Only local connections are allowed.
Please see https://chromedriver.chromium.org/security-considerations for suggestions on keeping ChromeDriver safe.
ChromeDriver was started successfully on port 33826.
Sep 03, 2024 4:02:13 PM org.openqa.selenium.remote.ProtocolHandshake createSession
INFO: Detected dialect: W3C
]]></system-err>
  </testcase>
  <testcase name="testArticleSwipe" classname="tests.ArticleTests" time="2.858">
    <system-out><![CDATA[Method rotateScreenPortrait() does nothing for platform mobile_web
Using Mobile Web version
]]></system-out>
    <system-err><![CDATA[Starting ChromeDriver 128.0.6613.84 (606aa55c7d687518d34b55accc5a71ea0bd28727-refs/branch-heads/6613@{#1335}) on port 25689
Only local connections are allowed.
Please see https://chromedriver.chromium.org/security-considerations for suggestions on keeping ChromeDriver safe.
ChromeDriver was started successfully on port 25689.
Sep 03, 2024 4:02:16 PM org.openqa.selenium.remote.ProtocolHandshake createSession
INFO: Detected dialect: W3C
]]></system-err>
  </testcase>
  <testcase name="testSaveFirstArticleToMyList" classname="tests.ArticleTests" time="11.347">
    <system-out><![CDATA[Method rotateScreenPortrait() does nothing for platform mobile_web
Using Mobile Web version
The screenshot was taken: /Users/lifetech/Desktop/JavaAppiumWeb/JavaAppium/article_title_screenshot.png
The screenshot was taken: /Users/lifetech/Desktop/JavaAppiumWeb/JavaAppium/article_title_screenshot.png
Method closeArticle() does nothing for platform mobile_web
]]></system-out>
    <system-err><![CDATA[Starting ChromeDriver 128.0.6613.84 (606aa55c7d687518d34b55accc5a71ea0bd28727-refs/branch-heads/6613@{#1335}) on port 2333
Only local connections are allowed.
Please see https://chromedriver.chromium.org/security-considerations for suggestions on keeping ChromeDriver safe.
ChromeDriver was started successfully on port 2333.
Sep 03, 2024 4:02:19 PM org.openqa.selenium.remote.ProtocolHandshake createSession
INFO: Detected dialect: W3C
]]></system-err>
  </testcase>
  <testcase name="testSaveTwoFirstArticleToMyList" classname="tests.ArticleTests" time="14.857">
    <system-out><![CDATA[Method rotateScreenPortrait() does nothing for platform mobile_web
Using Mobile Web version
The screenshot was taken: /Users/lifetech/Desktop/JavaAppiumWeb/JavaAppium/article_title_screenshot.png
The screenshot was taken: /Users/lifetech/Desktop/JavaAppiumWeb/JavaAppium/article_title_screenshot.png
Method closeArticle() does nothing for platform mobile_web
Method closeArticle() does nothing for platform mobile_web
]]></system-out>
    <system-err><![CDATA[Starting ChromeDriver 128.0.6613.84 (606aa55c7d687518d34b55accc5a71ea0bd28727-refs/branch-heads/6613@{#1335}) on port 34734
Only local connections are allowed.
Please see https://chromedriver.chromium.org/security-considerations for suggestions on keeping ChromeDriver safe.
ChromeDriver was started successfully on port 34734.
Sep 03, 2024 4:02:30 PM org.openqa.selenium.remote.ProtocolHandshake createSession
INFO: Detected dialect: W3C
log4j:WARN No appenders could be found for logger (io.qameta.allure.util.NamingUtils).
log4j:WARN Please initialize the log4j system properly.
log4j:WARN See http://logging.apache.org/log4j/1.2/faq.html#noconfig for more info.
]]></system-err>
  </testcase>
  <testcase name="testRotateSearchArticleBasic" classname="tests.ArticleTests" time="1.314">
    <system-out><![CDATA[Method rotateScreenPortrait() does nothing for platform mobile_web
Using Mobile Web version
]]></system-out>
    <system-err><![CDATA[Starting ChromeDriver 128.0.6613.84 (606aa55c7d687518d34b55accc5a71ea0bd28727-refs/branch-heads/6613@{#1335}) on port 31916
Only local connections are allowed.
Please see https://chromedriver.chromium.org/security-considerations for suggestions on keeping ChromeDriver safe.
ChromeDriver was started successfully on port 31916.
Sep 03, 2024 4:02:45 PM org.openqa.selenium.remote.ProtocolHandshake createSession
INFO: Detected dialect: W3C
]]></system-err>
  </testcase>
</testsuite>